0 info it worked if it ends with ok
1 verbose cli [ 'C:\\Program Files\\nodejs\\node.exe',
1 verbose cli   'C:\\Program Files\\nodejs\\node_modules\\npm\\bin\\npm-cli.js',
1 verbose cli   'run',
1 verbose cli   'mongo' ]
2 info using npm@3.6.0
3 info using node@v5.7.1
4 verbose run-script [ 'premongo', 'mongo', 'postmongo' ]
5 info lifecycle node-api@~premongo: node-api@
6 silly lifecycle node-api@~premongo: no script for premongo, continuing
7 info lifecycle node-api@~mongo: node-api@
8 verbose lifecycle node-api@~mongo: unsafe-perm in lifecycle true
9 verbose lifecycle node-api@~mongo: PATH: C:\Program Files\nodejs\node_modules\npm\bin\node-gyp-bin;D:\projects\express\node_modules\.bin;C:\Users\Marius\bin;C:\Program Files\Git\mingw64\bin;C:\Program Files\Git\usr\local\bin;C:\Program Files\Git\usr\bin;C:\Program Files\Git\usr\bin;C:\Program Files\Git\mingw64\bin;C:\Program Files\Git\usr\bin;C:\Users\Marius\bin;C:\Program Files (x86)\Intel\iCLS Client;C:\Program Files\Intel\iCLS Client;C:\Windows\system32;C:\Windows;C:\Windows\System32\Wbem;C:\Windows\System32\WindowsPowerShell\v1.0;C:\Program Files (x86)\Intel\Intel(R) Management Engine Components\DAL;C:\Program Files\Intel\Intel(R) Management Engine Components\DAL;C:\Program Files (x86)\Intel\Intel(R) Management Engine Components\IPT;C:\Program Files\Intel\Intel(R) Management Engine Components\IPT;%USERPROFILE%\.dnx\bin;C:\Program Files\Microsoft DNX\Dnvm;C:\Program Files\TortoiseSVN\bin;C:\Program Files (x86)\Microsoft SQL Server\110\Tools\Binn;C:\Program Files\Microsoft SQL Server\110\Tools\Binn;C:\Program Files\Microsoft SQL Server\110\DTS\Binn;C:\Program Files (x86)\Microsoft SQL Server\110\Tools\Binn\ManagementStudio;C:\Program Files (x86)\Microsoft Visual Studio 10.0\Common7\IDE\PrivateAssemblies;C:\Program Files (x86)\Microsoft SQL Server\110\DTS\Binn;C:\Program Files\nodejs;C:\Users\Marius\AppData\Roaming\npm;C:\Program Files\Git\usr\bin\vendor_perl;C:\Program Files\Git\usr\bin\core_perl
10 verbose lifecycle node-api@~mongo: CWD: D:\projects\express
11 silly lifecycle node-api@~mongo: Args: [ '/d /s /c',
11 silly lifecycle   'c:/Program Files/MongoDB/Server/3.2/bin/mongod --dbpath c:/data' ]
12 silly lifecycle node-api@~mongo: Returned: code: 1  signal: null
13 info lifecycle node-api@~mongo: Failed to exec mongo script
14 verbose stack Error: node-api@ mongo: `c:/Program Files/MongoDB/Server/3.2/bin/mongod --dbpath c:/data`
14 verbose stack Exit status 1
14 verbose stack     at EventEmitter.<anonymous> (C:\Program Files\nodejs\node_modules\npm\lib\utils\lifecycle.js:232:16)
14 verbose stack     at emitTwo (events.js:100:13)
14 verbose stack     at EventEmitter.emit (events.js:185:7)
14 verbose stack     at ChildProcess.<anonymous> (C:\Program Files\nodejs\node_modules\npm\lib\utils\spawn.js:24:14)
14 verbose stack     at emitTwo (events.js:100:13)
14 verbose stack     at ChildProcess.emit (events.js:185:7)
14 verbose stack     at maybeClose (internal/child_process.js:827:16)
14 verbose stack     at Process.ChildProcess._handle.onexit (internal/child_process.js:211:5)
15 verbose pkgid node-api@
16 verbose cwd D:\projects\express
17 error Windows_NT 10.0.10586
18 error argv "C:\\Program Files\\nodejs\\node.exe" "C:\\Program Files\\nodejs\\node_modules\\npm\\bin\\npm-cli.js" "run" "mongo"
19 error node v5.7.1
20 error npm  v3.6.0
21 error code ELIFECYCLE
22 error node-api@ mongo: `c:/Program Files/MongoDB/Server/3.2/bin/mongod --dbpath c:/data`
22 error Exit status 1
23 error Failed at the node-api@ mongo script 'c:/Program Files/MongoDB/Server/3.2/bin/mongod --dbpath c:/data'.
23 error Make sure you have the latest version of node.js and npm installed.
23 error If you do, this is most likely a problem with the node-api package,
23 error not with npm itself.
23 error Tell the author that this fails on your system:
23 error     c:/Program Files/MongoDB/Server/3.2/bin/mongod --dbpath c:/data
23 error You can get information on how to open an issue for this project with:
23 error     npm bugs node-api
23 error Or if that isn't available, you can get their info via:
23 error     npm owner ls node-api
23 error There is likely additional logging output above.
24 verbose exit [ 1, true ]
